<?xml version="1.0" encoding="UTF-8"?>
<testng-results skipped="0" failed="1" ignored="0" total="4" passed="3">
  <reporter-output>
  </reporter-output>
  <suite name="Default suite" duration-ms="214752" started-at="2021-05-19T10:09:09Z" finished-at="2021-05-19T10:12:44Z">
    <groups>
    </groups>
    <test name="Default test" duration-ms="214752" started-at="2021-05-19T10:09:09Z" finished-at="2021-05-19T10:12:44Z">
      <class name="org.sample.AmazonMain">
        <test-method status="PASS" signature="tc0()[pri:0, instance:org.sample.AmazonMain@49993335]" name="tc0" is-config="true" duration-ms="3834" started-at="2021-05-19T10:09:09Z" finished-at="2021-05-19T10:09:13Z">
          <reporter-output>
          </reporter-output>
        </test-method> <!-- tc0 -->
        <test-method status="PASS" signature="tc1()[pri:0, instance:org.sample.AmazonMain@49993335]" name="tc1" is-config="true" duration-ms="0" started-at="2021-05-19T10:09:13Z" finished-at="2021-05-19T10:09:13Z">
          <reporter-output>
          </reporter-output>
        </test-method> <!-- tc1 -->
        <test-method status="PASS" signature="tc2()[pri:0, instance:org.sample.AmazonMain@49993335]" name="tc2" duration-ms="2605" started-at="2021-05-19T10:09:13Z" finished-at="2021-05-19T10:09:15Z">
          <reporter-output>
          </reporter-output>
        </test-method> <!-- tc2 -->
        <test-method status="PASS" signature="tc3()[pri:0, instance:org.sample.AmazonMain@49993335]" name="tc3" duration-ms="4255" started-at="2021-05-19T10:09:15Z" finished-at="2021-05-19T10:09:20Z">
          <reporter-output>
          </reporter-output>
        </test-method> <!-- tc3 -->
        <test-method status="PASS" signature="tc1()[pri:0, instance:org.sample.AmazonMain@49993335]" name="tc1" is-config="true" duration-ms="0" started-at="2021-05-19T10:09:15Z" finished-at="2021-05-19T10:09:15Z">
          <reporter-output>
          </reporter-output>
        </test-method> <!-- tc1 -->
        <test-method status="FAIL" signature="tc4()[pri:0, instance:org.sample.AmazonMain@49993335]" name="tc4" duration-ms="200335" started-at="2021-05-19T10:09:20Z" finished-at="2021-05-19T10:12:40Z">
          <exception class="org.openqa.selenium.NoSuchElementException">
            <message>
              <![CDATA[Cannot locate an element using By.all({By.id: add-to-cart-button,By.xpath: //input[@title='Add to Shopping Cart']})
For documentation on this error, please visit: https://www.seleniumhq.org/exceptions/no_such_element.html
Build info: version: '3.141.59', revision: 'e82be7d358', time: '2018-11-14T08:17:03'
System info: host: 'DESKTOP-DV9KSPC', ip: '192.168.0.105', os.name: 'Windows 10', os.arch: 'amd64', os.version: '10.0', java.version: '1.8.0_281'
Driver info: driver.version: RemoteWebDriver]]>
            </message>
            <full-stacktrace>
              <![CDATA[org.openqa.selenium.NoSuchElementException: Cannot locate an element using By.all({By.id: add-to-cart-button,By.xpath: //input[@title='Add to Shopping Cart']})
For documentation on this error, please visit: https://www.seleniumhq.org/exceptions/no_such_element.html
Build info: version: '3.141.59', revision: 'e82be7d358', time: '2018-11-14T08:17:03'
System info: host: 'DESKTOP-DV9KSPC', ip: '192.168.0.105', os.name: 'Windows 10', os.arch: 'amd64', os.version: '10.0', java.version: '1.8.0_281'
Driver info: driver.version: RemoteWebDriver
at org.openqa.selenium.support.pagefactory.ByAll.findElement(ByAll.java:58)
at org.openqa.selenium.remote.RemoteWebDriver.findElement(RemoteWebDriver.java:315)
at org.openqa.selenium.support.pagefactory.DefaultElementLocator.findElement(DefaultElementLocator.java:69)
at org.openqa.selenium.support.pagefactory.internal.LocatingElementHandler.invoke(LocatingElementHandler.java:38)
at com.sun.proxy.$Proxy11.isEnabled(Unknown Source)
at org.sample.AmazonMain.tc4(AmazonMain.java:106)
at sun.reflect.NativeMethodAccessorImpl.invoke0(Native Method)
at sun.reflect.NativeMethodAccessorImpl.invoke(Unknown Source)
at sun.reflect.DelegatingMethodAccessorImpl.invoke(Unknown Source)
at java.lang.reflect.Method.invoke(Unknown Source)
at org.testng.internal.MethodInvocationHelper.invokeMethod(MethodInvocationHelper.java:124)
at org.testng.internal.Invoker.invokeMethod(Invoker.java:583)
at org.testng.internal.Invoker.invokeTestMethod(Invoker.java:719)
at org.testng.internal.Invoker.invokeTestMethods(Invoker.java:989)
at org.testng.internal.TestMethodWorker.invokeTestMethods(TestMethodWorker.java:125)
at org.testng.internal.TestMethodWorker.run(TestMethodWorker.java:109)
at org.testng.TestRunner.privateRun(TestRunner.java:648)
at org.testng.TestRunner.run(TestRunner.java:505)
at org.testng.SuiteRunner.runTest(SuiteRunner.java:455)
at org.testng.SuiteRunner.runSequentially(SuiteRunner.java:450)
at org.testng.SuiteRunner.privateRun(SuiteRunner.java:415)
at org.testng.SuiteRunner.run(SuiteRunner.java:364)
at org.testng.SuiteRunnerWorker.runSuite(SuiteRunnerWorker.java:52)
at org.testng.SuiteRunnerWorker.run(SuiteRunnerWorker.java:84)
at org.testng.TestNG.runSuitesSequentially(TestNG.java:1208)
at org.testng.TestNG.runSuitesLocally(TestNG.java:1137)
at org.testng.TestNG.runSuites(TestNG.java:1049)
at org.testng.TestNG.run(TestNG.java:1017)
at org.testng.remote.AbstractRemoteTestNG.run(AbstractRemoteTestNG.java:114)
at org.testng.remote.RemoteTestNG.initAndRun(RemoteTestNG.java:251)
at org.testng.remote.RemoteTestNG.main(RemoteTestNG.java:77)
]]>
            </full-stacktrace>
          </exception> <!-- org.openqa.selenium.NoSuchElementException -->
          <reporter-output>
          </reporter-output>
        </test-method> <!-- tc4 -->
        <test-method status="PASS" signature="tc1()[pri:0, instance:org.sample.AmazonMain@49993335]" name="tc1" is-config="true" duration-ms="0" started-at="2021-05-19T10:09:20Z" finished-at="2021-05-19T10:09:20Z">
          <reporter-output>
          </reporter-output>
        </test-method> <!-- tc1 -->
        <test-method status="PASS" signature="tc1()[pri:0, instance:org.sample.AmazonMain@49993335]" name="tc1" is-config="true" duration-ms="0" started-at="2021-05-19T10:12:40Z" finished-at="2021-05-19T10:12:40Z">
          <reporter-output>
          </reporter-output>
        </test-method> <!-- tc1 -->
        <test-method status="PASS" signature="tc5()[pri:0, instance:org.sample.AmazonMain@49993335]" name="tc5" duration-ms="2743" started-at="2021-05-19T10:12:40Z" finished-at="2021-05-19T10:12:43Z">
          <reporter-output>
          </reporter-output>
        </test-method> <!-- tc5 -->
        <test-method status="PASS" signature="tc7()[pri:0, instance:org.sample.AmazonMain@49993335]" name="tc7" is-config="true" duration-ms="951" started-at="2021-05-19T10:12:43Z" finished-at="2021-05-19T10:12:44Z">
          <reporter-output>
          </reporter-output>
        </test-method> <!-- tc7 -->
      </class> <!-- org.sample.AmazonMain -->
    </test> <!-- Default test -->
  </suite> <!-- Default suite -->
</testng-results>
